<?xml version="1.0" encoding="UTF-8"?>
<robot generator="Robot 3.1.2 (Python 3.8.1 on win32)" generated="20200319 22:56:14.235" rpa="false">
<suite id="s1" name="Login Form" source="C:\qaninja\robot\CursoRobotFrameworkBasico\Jira_Tests\tests\login_form.robot">
<test id="s1-t1" name="Login Com Sucesso">
<kw name="Nova Sessão" library="base_jira" type="setup">
<kw name="Open Browser" library="SeleniumLibrary">
<doc>Opens a new browser instance to the optional ``url``.</doc>
<arguments>
<arg>${url_jira}</arg>
<arg>chrome</arg>
</arguments>
<msg timestamp="20200319 22:56:14.640" level="INFO">Opening browser 'chrome' to base url 'https://jind.magnetimarelli.com/fjira/secure'.</msg>
<status status="PASS" starttime="20200319 22:56:14.640" endtime="20200319 22:56:26.909"></status>
</kw>
<status status="PASS" starttime="20200319 22:56:14.639" endtime="20200319 22:56:26.909"></status>
</kw>
<kw name="Go To" library="SeleniumLibrary">
<doc>Navigates the current browser window to the provided ``url``.</doc>
<arguments>
<arg>${url_jira}/Dashboard.jspa</arg>
</arguments>
<msg timestamp="20200319 22:56:26.910" level="INFO">Opening url 'https://jind.magnetimarelli.com/fjira/secure/Dashboard.jspa'</msg>
<status status="PASS" starttime="20200319 22:56:26.910" endtime="20200319 22:56:27.916"></status>
</kw>
<kw name="Login With">
<arguments>
<arg>f67108a</arg>
<arg>Pretoebranco@27</arg>
</arguments>
<kw name="Input Text" library="SeleniumLibrary">
<doc>Types the given ``text`` into the text field identified by ``locator``.</doc>
<arguments>
<arg>id:login-form-username</arg>
<arg>${user}</arg>
</arguments>
<msg timestamp="20200319 22:56:27.917" level="INFO">Typing text 'f67108a' into text field 'id:login-form-username'.</msg>
<status status="PASS" starttime="20200319 22:56:27.917" endtime="20200319 22:56:28.117"></status>
</kw>
<kw name="Input Text" library="SeleniumLibrary">
<doc>Types the given ``text`` into the text field identified by ``locator``.</doc>
<arguments>
<arg>id:login-form-password</arg>
<arg>${pass}</arg>
</arguments>
<msg timestamp="20200319 22:56:28.118" level="INFO">Typing text 'Pretoebranco@27' into text field 'id:login-form-password'.</msg>
<status status="PASS" starttime="20200319 22:56:28.117" endtime="20200319 22:56:28.383"></status>
</kw>
<kw name="Click Element" library="SeleniumLibrary">
<doc>Click the element identified by ``locator``.</doc>
<arguments>
<arg>id:login</arg>
</arguments>
<msg timestamp="20200319 22:56:28.384" level="INFO">Clicking element 'id:login'.</msg>
<status status="PASS" starttime="20200319 22:56:28.383" endtime="20200319 22:56:28.553"></status>
</kw>
<status status="PASS" starttime="20200319 22:56:27.916" endtime="20200319 22:56:28.553"></status>
</kw>
<kw name="Sleep" library="BuiltIn">
<doc>Pauses the test executed for the given time.</doc>
<arguments>
<arg>10</arg>
</arguments>
<msg timestamp="20200319 22:56:38.556" level="INFO">Slept 10 seconds</msg>
<status status="PASS" starttime="20200319 22:56:28.554" endtime="20200319 22:56:38.557"></status>
</kw>
<kw name="Tikets Page">
<arguments>
<arg>${searchIssue}</arg>
</arguments>
<kw name="Go To" library="SeleniumLibrary">
<doc>Navigates the current browser window to the provided ``url``.</doc>
<arguments>
<arg>https://jind.magnetimarelli.com/fjira/browse/${searchIssue}</arg>
</arguments>
<msg timestamp="20200319 22:56:38.561" level="INFO">Opening url 'https://jind.magnetimarelli.com/fjira/browse/CMCA-1784'</msg>
<status status="PASS" starttime="20200319 22:56:38.560" endtime="20200319 22:56:58.304"></status>
</kw>
<status status="PASS" starttime="20200319 22:56:38.559" endtime="20200319 22:56:58.304"></status>
</kw>
<kw name="Initialization to FrontDesk">
<kw name="Get WebElement" library="SeleniumLibrary">
<doc>Returns the first WebElement matching the given ``locator``.</doc>
<arguments>
<arg>id:status-val</arg>
</arguments>
<assign>
<var>${status}</var>
</assign>
<msg timestamp="20200319 22:56:58.511" level="INFO">${status} = &lt;selenium.webdriver.remote.webelement.WebElement (session="b984a79fa94a3096fc67a5b3f71decd7", element="393f9c6b-c36d-4db1-897c-ff3d5d39e8a8")&gt;</msg>
<status status="PASS" starttime="20200319 22:56:58.306" endtime="20200319 22:56:58.512"></status>
</kw>
<kw name="Run Keyword If" library="BuiltIn">
<doc>Runs the given keyword with the given arguments, if ``condition`` is true.</doc>
<arguments>
<arg>'${status.text}' == 'INITIALIZATION'</arg>
<arg>Click Element</arg>
<arg>id:action_id_481</arg>
</arguments>
<kw name="Click Element" library="SeleniumLibrary">
<doc>Click the element identified by ``locator``.</doc>
<arguments>
<arg>id:action_id_481</arg>
</arguments>
<msg timestamp="20200319 22:56:58.568" level="INFO">Clicking element 'id:action_id_481'.</msg>
<status status="PASS" starttime="20200319 22:56:58.568" endtime="20200319 22:56:58.897"></status>
</kw>
<status status="PASS" starttime="20200319 22:56:58.512" endtime="20200319 22:56:58.897"></status>
</kw>
<kw name="Sleep" library="BuiltIn">
<doc>Pauses the test executed for the given time.</doc>
<arguments>
<arg>10</arg>
</arguments>
<msg timestamp="20200319 22:57:08.902" level="INFO">Slept 10 seconds</msg>
<status status="PASS" starttime="20200319 22:56:58.898" endtime="20200319 22:57:08.902"></status>
</kw>
<kw name="Input Text" library="SeleniumLibrary">
<doc>Types the given ``text`` into the text field identified by ``locator``.</doc>
<arguments>
<arg>id:customfield_14500</arg>
<arg>jverdugo</arg>
</arguments>
<msg timestamp="20200319 22:57:08.903" level="INFO">Typing text 'jverdugo' into text field 'id:customfield_14500'.</msg>
<status status="PASS" starttime="20200319 22:57:08.902" endtime="20200319 22:57:09.089"></status>
</kw>
<kw name="Click Element" library="SeleniumLibrary">
<doc>Click the element identified by ``locator``.</doc>
<arguments>
<arg>id:issue-workflow-transition-submit</arg>
</arguments>
<msg timestamp="20200319 22:57:09.090" level="INFO">Clicking element 'id:issue-workflow-transition-submit'.</msg>
<status status="PASS" starttime="20200319 22:57:09.090" endtime="20200319 22:57:09.291"></status>
</kw>
<status status="PASS" starttime="20200319 22:56:58.305" endtime="20200319 22:57:09.291"></status>
</kw>
<kw name="Sleep" library="BuiltIn">
<doc>Pauses the test executed for the given time.</doc>
<arguments>
<arg>15</arg>
</arguments>
<msg timestamp="20200319 22:57:24.294" level="INFO">Slept 15 seconds</msg>
<status status="PASS" starttime="20200319 22:57:09.292" endtime="20200319 22:57:24.295"></status>
</kw>
<kw name="FrontDesk to Analysis">
<kw name="Get WebElement" library="SeleniumLibrary">
<doc>Returns the first WebElement matching the given ``locator``.</doc>
<arguments>
<arg>id:status-val</arg>
</arguments>
<assign>
<var>${status}</var>
</assign>
<msg timestamp="20200319 22:57:24.336" level="INFO">${status} = &lt;selenium.webdriver.remote.webelement.WebElement (session="b984a79fa94a3096fc67a5b3f71decd7", element="319b3496-ddde-4d0a-bbe0-0f4842531e80")&gt;</msg>
<status status="PASS" starttime="20200319 22:57:24.298" endtime="20200319 22:57:24.336"></status>
</kw>
<kw name="Run Keyword If" library="BuiltIn">
<doc>Runs the given keyword with the given arguments, if ``condition`` is true.</doc>
<arguments>
<arg>'${status.text}' == 'FRONT DESK'</arg>
<arg>Click Element</arg>
<arg>id:assign-to-me</arg>
</arguments>
<kw name="Click Element" library="SeleniumLibrary">
<doc>Click the element identified by ``locator``.</doc>
<arguments>
<arg>id:assign-to-me</arg>
</arguments>
<msg timestamp="20200319 22:57:24.365" level="INFO">Clicking element 'id:assign-to-me'.</msg>
<status status="PASS" starttime="20200319 22:57:24.365" endtime="20200319 22:57:24.709"></status>
</kw>
<status status="PASS" starttime="20200319 22:57:24.337" endtime="20200319 22:57:24.710"></status>
</kw>
<kw name="Sleep" library="BuiltIn">
<doc>Pauses the test executed for the given time.</doc>
<arguments>
<arg>10</arg>
</arguments>
<msg timestamp="20200319 22:57:34.712" level="INFO">Slept 10 seconds</msg>
<status status="PASS" starttime="20200319 22:57:24.710" endtime="20200319 22:57:34.712"></status>
</kw>
<kw name="Click Element" library="SeleniumLibrary">
<doc>Click the element identified by ``locator``.</doc>
<arguments>
<arg>id:action_id_11</arg>
</arguments>
<msg timestamp="20200319 22:57:34.715" level="INFO">Clicking element 'id:action_id_11'.</msg>
<status status="PASS" starttime="20200319 22:57:34.714" endtime="20200319 22:57:37.517"></status>
</kw>
<kw name="Sleep" library="BuiltIn">
<doc>Pauses the test executed for the given time.</doc>
<arguments>
<arg>10</arg>
</arguments>
<msg timestamp="20200319 22:57:47.518" level="INFO">Slept 10 seconds</msg>
<status status="PASS" starttime="20200319 22:57:37.518" endtime="20200319 22:57:47.519"></status>
</kw>
<kw name="Input Text" library="SeleniumLibrary">
<doc>Types the given ``text`` into the text field identified by ``locator``.</doc>
<arguments>
<arg>id:customfield_11704</arg>
<arg>f67108a</arg>
</arguments>
<msg timestamp="20200319 22:57:47.520" level="INFO">Typing text 'f67108a' into text field 'id:customfield_11704'.</msg>
<status status="PASS" starttime="20200319 22:57:47.519" endtime="20200319 22:57:47.759"></status>
</kw>
<kw name="Click Element" library="SeleniumLibrary">
<doc>Click the element identified by ``locator``.</doc>
<arguments>
<arg>id:issue-workflow-transition-submit</arg>
</arguments>
<msg timestamp="20200319 22:57:47.760" level="INFO">Clicking element 'id:issue-workflow-transition-submit'.</msg>
<status status="PASS" starttime="20200319 22:57:47.759" endtime="20200319 22:57:48.002"></status>
</kw>
<status status="PASS" starttime="20200319 22:57:24.296" endtime="20200319 22:57:48.003"></status>
</kw>
<kw name="Get WebElement" library="SeleniumLibrary">
<doc>Returns the first WebElement matching the given ``locator``.</doc>
<arguments>
<arg>id:key-val</arg>
</arguments>
<assign>
<var>${issue}</var>
</assign>
<msg timestamp="20200319 22:57:48.031" level="INFO">${issue} = &lt;selenium.webdriver.remote.webelement.WebElement (session="b984a79fa94a3096fc67a5b3f71decd7", element="d4fba27e-47e8-4b85-8fdb-747cda761982")&gt;</msg>
<status status="PASS" starttime="20200319 22:57:48.004" endtime="20200319 22:57:48.031"></status>
</kw>
<kw name="Should Contain" library="BuiltIn">
<doc>Fails if ``container`` does not contain ``item`` one or more times.</doc>
<arguments>
<arg>${issue.text}</arg>
<arg>${searchIssue}</arg>
</arguments>
<status status="PASS" starttime="20200319 22:57:48.032" endtime="20200319 22:57:48.060"></status>
</kw>
<kw name="Encerra Sessão" library="base_jira" type="teardown">
<kw name="Capture Page Screenshot" library="SeleniumLibrary">
<doc>Takes a screenshot of the current page and embeds it into a log file.</doc>
<msg timestamp="20200319 22:57:48.488" level="INFO" html="yes">&lt;/td&gt;&lt;/tr&gt;&lt;tr&gt;&lt;td colspan="3"&gt;&lt;a href="selenium-screenshot-18.png"&gt;&lt;img src="selenium-screenshot-18.png" width="800px"&gt;&lt;/a&gt;</msg>
<status status="PASS" starttime="20200319 22:57:48.061" endtime="20200319 22:57:48.489"></status>
</kw>
<kw name="Close Browser" library="SeleniumLibrary">
<doc>Closes the current browser.</doc>
<status status="PASS" starttime="20200319 22:57:48.489" endtime="20200319 22:57:50.776"></status>
</kw>
<status status="PASS" starttime="20200319 22:57:48.061" endtime="20200319 22:57:50.777"></status>
</kw>
<tags>
<tag>login_sucesso</tag>
</tags>
<status status="PASS" starttime="20200319 22:56:14.638" endtime="20200319 22:57:50.779" critical="yes"></status>
</test>
<status status="PASS" starttime="20200319 22:56:14.238" endtime="20200319 22:57:50.786"></status>
</suite>
<statistics>
<total>
<stat pass="1" fail="0">Critical Tests</stat>
<stat pass="1" fail="0">All Tests</stat>
</total>
<tag>
<stat pass="1" fail="0">login_sucesso</stat>
</tag>
<suite>
<stat pass="1" fail="0" id="s1" name="Login Form">Login Form</stat>
</suite>
</statistics>
<errors>
</errors>
</robot>
